[0.443s] Invoking command in '/home/hisa/ROS2/YOLO/src/picture': DEBUGINFOD_URLS=https://debuginfod.ubuntu.com PYTHONPATH=/home/hisa/ROS2/YOLO/build/picture/prefix_override:/usr/lib/python3/dist-packages/colcon_core/task/python/colcon_distutils_commands:/home/hisa/ROS2/YOLO/install/picture/lib/python3.12/site-packages:${PYTHONPATH} /usr/bin/python3 -W ignore:setup.py install is deprecated setup.py egg_info --egg-base ../../build/picture build --build-base /home/hisa/ROS2/YOLO/build/picture/build install --record /home/hisa/ROS2/YOLO/build/picture/install.log --single-version-externally-managed install_data
[0.582s] running egg_info
[0.582s] creating ../../build/picture/picture.egg-info
[0.591s] writing ../../build/picture/picture.egg-info/PKG-INFO
[0.591s] writing dependency_links to ../../build/picture/picture.egg-info/dependency_links.txt
[0.591s] writing entry points to ../../build/picture/picture.egg-info/entry_points.txt
[0.591s] writing requirements to ../../build/picture/picture.egg-info/requires.txt
[0.591s] writing top-level names to ../../build/picture/picture.egg-info/top_level.txt
[0.591s] writing manifest file '../../build/picture/picture.egg-info/SOURCES.txt'
[0.611s] reading manifest file '../../build/picture/picture.egg-info/SOURCES.txt'
[0.611s] writing manifest file '../../build/picture/picture.egg-info/SOURCES.txt'
[0.611s] running build
[0.611s] running build_py
[0.611s] creating /home/hisa/ROS2/YOLO/build/picture/build
[0.611s] creating /home/hisa/ROS2/YOLO/build/picture/build/lib
[0.612s] creating /home/hisa/ROS2/YOLO/build/picture/build/lib/picture
[0.612s] copying picture/picture.py -> /home/hisa/ROS2/YOLO/build/picture/build/lib/picture
[0.612s] copying picture/__init__.py -> /home/hisa/ROS2/YOLO/build/picture/build/lib/picture
[0.612s] running install
[0.615s] running install_lib
[0.626s] creating /home/hisa/ROS2/YOLO/install/picture/lib/python3.12/site-packages/picture
[0.626s] copying /home/hisa/ROS2/YOLO/build/picture/build/lib/picture/picture.py -> /home/hisa/ROS2/YOLO/install/picture/lib/python3.12/site-packages/picture
[0.626s] copying /home/hisa/ROS2/YOLO/build/picture/build/lib/picture/__init__.py -> /home/hisa/ROS2/YOLO/install/picture/lib/python3.12/site-packages/picture
[0.626s] byte-compiling /home/hisa/ROS2/YOLO/install/picture/lib/python3.12/site-packages/picture/picture.py to picture.cpython-312.pyc
[0.627s] byte-compiling /home/hisa/ROS2/YOLO/install/picture/lib/python3.12/site-packages/picture/__init__.py to __init__.cpython-312.pyc
[0.627s] running install_data
[0.627s] creating /home/hisa/ROS2/YOLO/install/picture/share/ament_index
[0.627s] creating /home/hisa/ROS2/YOLO/install/picture/share/ament_index/resource_index
[0.627s] creating /home/hisa/ROS2/YOLO/install/picture/share/ament_index/resource_index/packages
[0.627s] copying resource/picture -> /home/hisa/ROS2/YOLO/install/picture/share/ament_index/resource_index/packages
[0.627s] copying package.xml -> /home/hisa/ROS2/YOLO/install/picture/share/picture
[0.627s] running install_egg_info
[0.637s] Copying ../../build/picture/picture.egg-info to /home/hisa/ROS2/YOLO/install/picture/lib/python3.12/site-packages/picture-0.0.0-py3.12.egg-info
[0.638s] running install_scripts
[0.708s] Installing picture script to /home/hisa/ROS2/YOLO/install/picture/lib/picture
[0.708s] writing list of installed files to '/home/hisa/ROS2/YOLO/build/picture/install.log'
[0.729s] Invoked command in '/home/hisa/ROS2/YOLO/src/picture' returned '0': DEBUGINFOD_URLS=https://debuginfod.ubuntu.com PYTHONPATH=/home/hisa/ROS2/YOLO/build/picture/prefix_override:/usr/lib/python3/dist-packages/colcon_core/task/python/colcon_distutils_commands:/home/hisa/ROS2/YOLO/install/picture/lib/python3.12/site-packages:${PYTHONPATH} /usr/bin/python3 -W ignore:setup.py install is deprecated setup.py egg_info --egg-base ../../build/picture build --build-base /home/hisa/ROS2/YOLO/build/picture/build install --record /home/hisa/ROS2/YOLO/build/picture/install.log --single-version-externally-managed install_data
