[0.467s] Invoking command in '/home/hisa/ROS2/YOLO/src/picture': DEBUGINFOD_URLS=https://debuginfod.ubuntu.com PYTHONPATH=/home/hisa/ROS2/YOLO/build/picture/prefix_override:/usr/lib/python3/dist-packages/colcon_core/task/python/colcon_distutils_commands:/home/hisa/ROS2/YOLO/install/picture/lib/python3.12/site-packages:${PYTHONPATH} /usr/bin/python3 -W ignore:setup.py install is deprecated setup.py egg_info --egg-base ../../build/picture build --build-base /home/hisa/ROS2/YOLO/build/picture/build install --record /home/hisa/ROS2/YOLO/build/picture/install.log --single-version-externally-managed install_data
[0.609s] running egg_info
[0.619s] writing ../../build/picture/picture.egg-info/PKG-INFO
[0.619s] writing dependency_links to ../../build/picture/picture.egg-info/dependency_links.txt
[0.619s] writing entry points to ../../build/picture/picture.egg-info/entry_points.txt
[0.619s] writing requirements to ../../build/picture/picture.egg-info/requires.txt
[0.619s] writing top-level names to ../../build/picture/picture.egg-info/top_level.txt
[0.639s] reading manifest file '../../build/picture/picture.egg-info/SOURCES.txt'
[0.639s] writing manifest file '../../build/picture/picture.egg-info/SOURCES.txt'
[0.639s] running build
[0.639s] running build_py
[0.639s] copying picture/picture.py -> /home/hisa/ROS2/YOLO/build/picture/build/lib/picture
[0.640s] running install
[0.643s] running install_lib
[0.653s] copying /home/hisa/ROS2/YOLO/build/picture/build/lib/picture/picture.py -> /home/hisa/ROS2/YOLO/install/picture/lib/python3.12/site-packages/picture
[0.653s] byte-compiling /home/hisa/ROS2/YOLO/install/picture/lib/python3.12/site-packages/picture/picture.py to picture.cpython-312.pyc
[0.654s] running install_data
[0.654s] running install_egg_info
[0.663s] removing '/home/hisa/ROS2/YOLO/install/picture/lib/python3.12/site-packages/picture-0.0.0-py3.12.egg-info' (and everything under it)
[0.663s] Copying ../../build/picture/picture.egg-info to /home/hisa/ROS2/YOLO/install/picture/lib/python3.12/site-packages/picture-0.0.0-py3.12.egg-info
[0.664s] running install_scripts
[0.734s] Installing picture script to /home/hisa/ROS2/YOLO/install/picture/lib/picture
[0.734s] writing list of installed files to '/home/hisa/ROS2/YOLO/build/picture/install.log'
[0.753s] Invoked command in '/home/hisa/ROS2/YOLO/src/picture' returned '0': DEBUGINFOD_URLS=https://debuginfod.ubuntu.com PYTHONPATH=/home/hisa/ROS2/YOLO/build/picture/prefix_override:/usr/lib/python3/dist-packages/colcon_core/task/python/colcon_distutils_commands:/home/hisa/ROS2/YOLO/install/picture/lib/python3.12/site-packages:${PYTHONPATH} /usr/bin/python3 -W ignore:setup.py install is deprecated setup.py egg_info --egg-base ../../build/picture build --build-base /home/hisa/ROS2/YOLO/build/picture/build install --record /home/hisa/ROS2/YOLO/build/picture/install.log --single-version-externally-managed install_data
